<?xml version="1.0" encoding="UTF-8"?>
<testsuite xmlns:xsi="http://www.w3.org/2001/XMLSchema-instance" xsi:noNamespaceSchemaLocation="https://maven.apache.org/surefire/maven-surefire-plugin/xsd/surefire-test-report.xsd" name="com.hackerrank.eshopping.product.dashboard.controller.ProductsControllerTest" time="7.251" tests="17" errors="0" skipped="0" failures="3">
  <properties>
[...]
</properties>
  <testcase name="createProduct" classname="com.hackerrank.eshopping.product.dashboard.controller.ProductsControllerTest" time="5.964"/>
  <testcase name="createProductWithExistingId" classname="com.hackerrank.eshopping.product.dashboard.controller.ProductsControllerTest" time="0"/>
  <testcase name="updateProductRetailPrice" classname="com.hackerrank.eshopping.product.dashboard.controller.ProductsControllerTest" time="0.002"/>
  <testcase name="updateProductDiscountPrice" classname="com.hackerrank.eshopping.product.dashboard.controller.ProductsControllerTest" time="0.001"/>
  <testcase name="updateProductAvailability" classname="com.hackerrank.eshopping.product.dashboard.controller.ProductsControllerTest" time="0.002"/>
  <testcase name="updateProductRetailAndDiscountPrice" classname="com.hackerrank.eshopping.product.dashboard.controller.ProductsControllerTest" time="0.002"/>
  <testcase name="updateProductRetailPriceAndAvailability" classname="com.hackerrank.eshopping.product.dashboard.controller.ProductsControllerTest" time="0.002"/>
  <testcase name="updateProductDiscountPriceAndAvailability" classname="com.hackerrank.eshopping.product.dashboard.controller.ProductsControllerTest" time="0.001"/>
  <testcase name="updateProductRetailPriceDiscountPriceAndAvailability" classname="com.hackerrank.eshopping.product.dashboard.controller.ProductsControllerTest" time="0.002"/>
  <testcase name="updateAvailabilityOfNonExistingProduct" classname="com.hackerrank.eshopping.product.dashboard.controller.ProductsControllerTest" time="0"/>
  <testcase name="findProductById" classname="com.hackerrank.eshopping.product.dashboard.controller.ProductsControllerTest" time="0.001"/>
  <testcase name="findProductByNonExistingId" classname="com.hackerrank.eshopping.product.dashboard.controller.ProductsControllerTest" time="0"/>
  <testcase name="findProductsByCategory" classname="com.hackerrank.eshopping.product.dashboard.controller.ProductsControllerTest" time="0.575">
    <failure type="java.lang.AssertionError">java.lang.AssertionError
	at com.hackerrank.eshopping.product.dashboard.controller.ProductsControllerTest.findProductsByCategory(ProductsControllerTest.java:927)
</failure>
    <system-out><![CDATA[In getProductsByCategory: Accessories
In getProductByCat()
Hibernate: select productmod0_.id as id1_0_, productmod0_.availability as availabi2_0_, productmod0_.category as category3_0_, productmod0_.discount_percent as discount4_0_, productmod0_.discounted_price as discount5_0_, productmod0_.name as name6_0_, productmod0_.retail_price as retail_p7_0_ from product productmod0_ where productmod0_.category=? order by productmod0_.availability desc, productmod0_.discounted_price asc, productmod0_.id asc
&amp#27;[0;31mExpected <{"id":8,"name":"Kaftan","category":"Accessories","retail_price":237.0,"discounted_price":215.67,"availability":true}> but was <{"id":8,"name":"Kaftan","category":"Accessories","retail_price":237.0,"discounted_price":215.67,"discount_percent":100,"availability":true}> (at index 0).&amp#27;[0m

MockHttpServletRequest:
      HTTP Method = POST
      Request URI = /products
       Parameters = {}
          Headers = {Content-Type=[application/json;charset=UTF-8]}
             Body = {"id": 1, "name": "Dressing Gown", "category": "Full Body Outfits", "retail_price": 303.0, "discounted_price": 251.49, "availability": true}
    Session Attrs = {}

Handler:
             Type = com.hackerrank.eshopping.product.dashboard.controller.ProductsController
           Method = public org.springframework.http.ResponseEntity<java.lang.String> com.hackerrank.eshopping.product.dashboard.controller.ProductsController.addProduct(com.hackerrank.eshopping.product.dashboard.model.Product)

Async:
    Async started = false
     Async result = null

Resolved Exception:
             Type = null

ModelAndView:
        View name = null
             View = null
            Model = null

FlashMap:
       Attributes = null

MockHttpServletResponse:
           Status = 201
    Error message = null
          Headers = {}
     Content type = null
             Body = 
    Forwarded URL = null
   Redirected URL = null
          Cookies = []

MockHttpServletRequest:
      HTTP Method = POST
      Request URI = /products
       Parameters = {}
          Headers = {Content-Type=[application/json;charset=UTF-8]}
             Body = {"id": 2, "name": "Shoes", "category": "Footwear", "retail_price": 150.0, "discounted_price": 123.0, "availability": true}
    Session Attrs = {}

Handler:
             Type = com.hackerrank.eshopping.product.dashboard.controller.ProductsController
           Method = public org.springframework.http.ResponseEntity<java.lang.String> com.hackerrank.eshopping.product.dashboard.controller.ProductsController.addProduct(com.hackerrank.eshopping.product.dashboard.model.Product)

Async:
    Async started = false
     Async result = null

Resolved Exception:
             Type = null

ModelAndView:
        View name = null
             View = null
            Model = null

FlashMap:
       Attributes = null

MockHttpServletResponse:
           Status = 201
    Error message = null
          Headers = {}
     Content type = null
             Body = 
    Forwarded URL = null
   Redirected URL = null
          Cookies = []

MockHttpServletRequest:
      HTTP Method = POST
      Request URI = /products
       Parameters = {}
          Headers = {Content-Type=[application/json;charset=UTF-8]}
             Body = {"id": 3, "name": "Nightgown", "category": "Full Body Outfits", "retail_price": 307.0, "discounted_price": 254.81, "availability": true}
    Session Attrs = {}

Handler:
             Type = com.hackerrank.eshopping.product.dashboard.controller.ProductsController
           Method = public org.springframework.http.ResponseEntity<java.lang.String> com.hackerrank.eshopping.product.dashboard.controller.ProductsController.addProduct(com.hackerrank.eshopping.product.dashboard.model.Product)

Async:
    Async started = false
     Async result = null

Resolved Exception:
             Type = null

ModelAndView:
        View name = null
             View = null
            Model = null

FlashMap:
       Attributes = null

MockHttpServletResponse:
           Status = 201
    Error message = null
          Headers = {}
     Content type = null
             Body = 
    Forwarded URL = null
   Redirected URL = null
          Cookies = []

MockHttpServletRequest:
      HTTP Method = POST
      Request URI = /products
       Parameters = {}
          Headers = {Content-Type=[application/json;charset=UTF-8]}
             Body = {"id": 4, "name": "Boots", "category": "Footwear", "retail_price": 162.0, "discounted_price": 132.84, "availability": true}
    Session Attrs = {}

Handler:
             Type = com.hackerrank.eshopping.product.dashboard.controller.ProductsController
           Method = public org.springframework.http.ResponseEntity<java.lang.String> com.hackerrank.eshopping.product.dashboard.controller.ProductsController.addProduct(com.hackerrank.eshopping.product.dashboard.model.Product)

Async:
    Async started = false
     Async result = null

Resolved Exception:
             Type = null

ModelAndView:
        View name = null
             View = null
            Model = null

FlashMap:
       Attributes = null

MockHttpServletResponse:
           Status = 201
    Error message = null
          Headers = {}
     Content type = null
             Body = 
    Forwarded URL = null
   Redirected URL = null
          Cookies = []

MockHttpServletRequest:
      HTTP Method = POST
      Request URI = /products
       Parameters = {}
          Headers = {Content-Type=[application/json;charset=UTF-8]}
             Body = {"id": 5, "name": "Ball Gown", "category": "Full Body Outfits", "retail_price": 337.0, "discounted_price": 272.97, "availability": true}
    Session Attrs = {}

Handler:
             Type = com.hackerrank.eshopping.product.dashboard.controller.ProductsController
           Method = public org.springframework.http.ResponseEntity<java.lang.String> com.hackerrank.eshopping.product.dashboard.controller.ProductsController.addProduct(com.hackerrank.eshopping.product.dashboard.model.Product)

Async:
    Async started = false
     Async result = null

Resolved Exception:
             Type = null

ModelAndView:
        View name = null
             View = null
            Model = null

FlashMap:
       Attributes = null

MockHttpServletResponse:
           Status = 201
    Error message = null
          Headers = {}
     Content type = null
             Body = 
    Forwarded URL = null
   Redirected URL = null
          Cookies = []

MockHttpServletRequest:
      HTTP Method = POST
      Request URI = /products
       Parameters = {}
          Headers = {Content-Type=[application/json;charset=UTF-8]}
             Body = {"id": 6, "name": "Shawl", "category": "Accessories", "retail_price": 283.0, "discounted_price": 260.36, "availability": true}
    Session Attrs = {}

Handler:
             Type = com.hackerrank.eshopping.product.dashboard.controller.ProductsController
           Method = public org.springframework.http.ResponseEntity<java.lang.String> com.hackerrank.eshopping.product.dashboard.controller.ProductsController.addProduct(com.hackerrank.eshopping.product.dashboard.model.Product)

Async:
    Async started = false
     Async result = null

Resolved Exception:
             Type = null

ModelAndView:
        View name = null
             View = null
            Model = null

FlashMap:
       Attributes = null

MockHttpServletResponse:
           Status = 201
    Error message = null
          Headers = {}
     Content type = null
             Body = 
    Forwarded URL = null
   Redirected URL = null
          Cookies = []

MockHttpServletRequest:
      HTTP Method = POST
      Request URI = /products
       Parameters = {}
          Headers = {Content-Type=[application/json;charset=UTF-8]}
             Body = {"id": 7, "name": "Belt", "category": "Accessories", "retail_price": 471.0, "discounted_price": 419.19, "availability": true}
    Session Attrs = {}

Handler:
             Type = com.hackerrank.eshopping.product.dashboard.controller.ProductsController
           Method = public org.springframework.http.ResponseEntity<java.lang.String> com.hackerrank.eshopping.product.dashboard.controller.ProductsController.addProduct(com.hackerrank.eshopping.product.dashboard.model.Product)

Async:
    Async started = false
     Async result = null

Resolved Exception:
             Type = null

ModelAndView:
        View name = null
             View = null
            Model = null

FlashMap:
       Attributes = null

MockHttpServletResponse:
           Status = 201
    Error message = null
          Headers = {}
     Content type = null
             Body = 
    Forwarded URL = null
   Redirected URL = null
          Cookies = []

MockHttpServletRequest:
      HTTP Method = POST
      Request URI = /products
       Parameters = {}
          Headers = {Content-Type=[application/json;charset=UTF-8]}
             Body = {"id": 8, "name": "Kaftan", "category": "Accessories", "retail_price": 237.0, "discounted_price": 215.67, "availability": true}
    Session Attrs = {}

Handler:
             Type = com.hackerrank.eshopping.product.dashboard.controller.ProductsController
           Method = public org.springframework.http.ResponseEntity<java.lang.String> com.hackerrank.eshopping.product.dashboard.controller.ProductsController.addProduct(com.hackerrank.eshopping.product.dashboard.model.Product)

Async:
    Async started = false
     Async result = null

Resolved Exception:
             Type = null

ModelAndView:
        View name = null
             View = null
            Model = null

FlashMap:
       Attributes = null

MockHttpServletResponse:
           Status = 201
    Error message = null
          Headers = {}
     Content type = null
             Body = 
    Forwarded URL = null
   Redirected URL = null
          Cookies = []

MockHttpServletRequest:
      HTTP Method = POST
      Request URI = /products
       Parameters = {}
          Headers = {Content-Type=[application/json;charset=UTF-8]}
             Body = {"id": 9, "name": "Overalls", "category": "Full Body Outfits", "retail_price": 374.0, "discounted_price": 321.64, "availability": true}
    Session Attrs = {}

Handler:
             Type = com.hackerrank.eshopping.product.dashboard.controller.ProductsController
           Method = public org.springframework.http.ResponseEntity<java.lang.String> com.hackerrank.eshopping.product.dashboard.controller.ProductsController.addProduct(com.hackerrank.eshopping.product.dashboard.model.Product)

Async:
    Async started = false
     Async result = null

Resolved Exception:
             Type = null

ModelAndView:
        View name = null
             View = null
            Model = null

FlashMap:
       Attributes = null

MockHttpServletResponse:
           Status = 201
    Error message = null
          Headers = {}
     Content type = null
             Body = 
    Forwarded URL = null
   Redirected URL = null
          Cookies = []

MockHttpServletRequest:
      HTTP Method = POST
      Request URI = /products
       Parameters = {}
          Headers = {Content-Type=[application/json;charset=UTF-8]}
             Body = {"id": 10, "name": "Cufflinks", "category": "Accessories", "retail_price": 284.0, "discounted_price": 247.08, "availability": true}
    Session Attrs = {}

Handler:
             Type = com.hackerrank.eshopping.product.dashboard.controller.ProductsController
           Method = public org.springframework.http.ResponseEntity<java.lang.String> com.hackerrank.eshopping.product.dashboard.controller.ProductsController.addProduct(com.hackerrank.eshopping.product.dashboard.model.Product)

Async:
    Async started = false
     Async result = null

Resolved Exception:
             Type = null

ModelAndView:
        View name = null
             View = null
            Model = null

FlashMap:
       Attributes = null

MockHttpServletResponse:
           Status = 201
    Error message = null
          Headers = {}
     Content type = null
             Body = 
    Forwarded URL = null
   Redirected URL = null
          Cookies = []

MockHttpServletRequest:
      HTTP Method = POST
      Request URI = /products
       Parameters = {}
          Headers = {Content-Type=[application/json;charset=UTF-8]}
             Body = {"id": 11, "name": "Cargos", "category": "Bottoms", "retail_price": 498.0, "discounted_price": 428.28, "availability": true}
    Session Attrs = {}

Handler:
             Type = com.hackerrank.eshopping.product.dashboard.controller.ProductsController
           Method = public org.springframework.http.ResponseEntity<java.lang.String> com.hackerrank.eshopping.product.dashboard.controller.ProductsController.addProduct(com.hackerrank.eshopping.product.dashboard.model.Product)

Async:
    Async started = false
     Async result = null

Resolved Exception:
             Type = null

ModelAndView:
        View name = null
             View = null
            Model = null

FlashMap:
       Attributes = null

MockHttpServletResponse:
           Status = 201
    Error message = null
          Headers = {}
     Content type = null
             Body = 
    Forwarded URL = null
   Redirected URL = null
          Cookies = []

MockHttpServletRequest:
      HTTP Method = POST
      Request URI = /products
       Parameters = {}
          Headers = {Content-Type=[application/json;charset=UTF-8]}
             Body = {"id": 12, "name": "Poncho", "category": "Accessories", "retail_price": 280.0, "discounted_price": 224.7, "availability": true}
    Session Attrs = {}

Handler:
             Type = com.hackerrank.eshopping.product.dashboard.controller.ProductsController
           Method = public org.springframework.http.ResponseEntity<java.lang.String> com.hackerrank.eshopping.product.dashboard.controller.ProductsController.addProduct(com.hackerrank.eshopping.product.dashboard.model.Product)

Async:
    Async started = false
     Async result = null

Resolved Exception:
             Type = null

ModelAndView:
        View name = null
             View = null
            Model = null

FlashMap:
       Attributes = null

MockHttpServletResponse:
           Status = 201
    Error message = null
          Headers = {}
     Content type = null
             Body = 
    Forwarded URL = null
   Redirected URL = null
          Cookies = []

MockHttpServletRequest:
      HTTP Method = POST
      Request URI = /products
       Parameters = {}
          Headers = {Content-Type=[application/json;charset=UTF-8]}
             Body = {"id": 13, "name": "Cummerbund", "category": "Accessories", "retail_price": 435.0, "discounted_price": 400.2, "availability": true}
    Session Attrs = {}

Handler:
             Type = com.hackerrank.eshopping.product.dashboard.controller.ProductsController
           Method = public org.springframework.http.ResponseEntity<java.lang.String> com.hackerrank.eshopping.product.dashboard.controller.ProductsController.addProduct(com.hackerrank.eshopping.product.dashboard.model.Product)

Async:
    Async started = false
     Async result = null

Resolved Exception:
             Type = null

ModelAndView:
        View name = null
             View = null
            Model = null

FlashMap:
       Attributes = null

MockHttpServletResponse:
           Status = 201
    Error message = null
          Headers = {}
     Content type = null
             Body = 
    Forwarded URL = null
   Redirected URL = null
          Cookies = []

MockHttpServletRequest:
      HTTP Method = POST
      Request URI = /products
       Parameters = {}
          Headers = {Content-Type=[application/json;charset=UTF-8]}
             Body = {"id": 14, "name": "Dress", "category": "Full Body Outfits", "retail_price": 175.0, "discounted_price": 140.0, "availability": true}
    Session Attrs = {}

Handler:
             Type = com.hackerrank.eshopping.product.dashboard.controller.ProductsController
           Method = public org.springframework.http.ResponseEntity<java.lang.String> com.hackerrank.eshopping.product.dashboard.controller.ProductsController.addProduct(com.hackerrank.eshopping.product.dashboard.model.Product)

Async:
    Async started = false
     Async result = null

Resolved Exception:
             Type = null

ModelAndView:
        View name = null
             View = null
            Model = null

FlashMap:
       Attributes = null

MockHttpServletResponse:
           Status = 201
    Error message = null
          Headers = {}
     Content type = null
             Body = 
    Forwarded URL = null
   Redirected URL = null
          Cookies = []

MockHttpServletRequest:
      HTTP Method = POST
      Request URI = /products
       Parameters = {}
          Headers = {Content-Type=[application/json;charset=UTF-8]}
             Body = {"id": 15, "name": "Trainers", "category": "Footwear", "retail_price": 228.0, "discounted_price": 184.68, "availability": true}
    Session Attrs = {}

Handler:
             Type = com.hackerrank.eshopping.product.dashboard.controller.ProductsController
           Method = public org.springframework.http.ResponseEntity<java.lang.String> com.hackerrank.eshopping.product.dashboard.controller.ProductsController.addProduct(com.hackerrank.eshopping.product.dashboard.model.Product)

Async:
    Async started = false
     Async result = null

Resolved Exception:
             Type = null

ModelAndView:
        View name = null
             View = null
            Model = null

FlashMap:
       Attributes = null

MockHttpServletResponse:
           Status = 201
    Error message = null
          Headers = {}
     Content type = null
             Body = 
    Forwarded URL = null
   Redirected URL = null
          Cookies = []

MockHttpServletRequest:
      HTTP Method = POST
      Request URI = /products
       Parameters = {}
          Headers = {Content-Type=[application/json;charset=UTF-8]}
             Body = {"id": 16, "name": "Tracksuit", "category": "Full Body Outfits", "retail_price": 471.0, "discounted_price": 423.9, "availability": false}
    Session Attrs = {}

Handler:
             Type = com.hackerrank.eshopping.product.dashboard.controller.ProductsController
           Method = public org.springframework.http.ResponseEntity<java.lang.String> com.hackerrank.eshopping.product.dashboard.controller.ProductsController.addProduct(com.hackerrank.eshopping.product.dashboard.model.Product)

Async:
    Async started = false
     Async result = null

Resolved Exception:
             Type = null

ModelAndView:
        View name = null
             View = null
            Model = null

FlashMap:
       Attributes = null

MockHttpServletResponse:
           Status = 201
    Error message = null
          Headers = {}
     Content type = null
             Body = 
    Forwarded URL = null
   Redirected URL = null
          Cookies = []

MockHttpServletRequest:
      HTTP Method = POST
      Request URI = /products
       Parameters = {}
          Headers = {Content-Type=[application/json;charset=UTF-8]}
             Body = {"id": 17, "name": "Tailcoat", "category": "Full Body Outfits", "retail_price": 307.0, "discounted_price": 254.81, "availability": true}
    Session Attrs = {}

Handler:
             Type = com.hackerrank.eshopping.product.dashboard.controller.ProductsController
           Method = public org.springframework.http.ResponseEntity<java.lang.String> com.hackerrank.eshopping.product.dashboard.controller.ProductsController.addProduct(com.hackerrank.eshopping.product.dashboard.model.Product)

Async:
    Async started = false
     Async result = null

Resolved Exception:
             Type = null

ModelAndView:
        View name = null
             View = null
            Model = null

FlashMap:
       Attributes = null

MockHttpServletResponse:
           Status = 201
    Error message = null
          Headers = {}
     Content type = null
             Body = 
    Forwarded URL = null
   Redirected URL = null
          Cookies = []

MockHttpServletRequest:
      HTTP Method = POST
      Request URI = /products
       Parameters = {}
          Headers = {Content-Type=[application/json;charset=UTF-8]}
             Body = {"id": 18, "name": "Vest", "category": "Tops", "retail_price": 446.0, "discounted_price": 392.48, "availability": true}
    Session Attrs = {}

Handler:
             Type = com.hackerrank.eshopping.product.dashboard.controller.ProductsController
           Method = public org.springframework.http.ResponseEntity<java.lang.String> com.hackerrank.eshopping.product.dashboard.controller.ProductsController.addProduct(com.hackerrank.eshopping.product.dashboard.model.Product)

Async:
    Async started = false
     Async result = null

Resolved Exception:
             Type = null

ModelAndView:
        View name = null
             View = null
            Model = null

FlashMap:
       Attributes = null

MockHttpServletResponse:
           Status = 201
    Error message = null
          Headers = {}
     Content type = null
             Body = 
    Forwarded URL = null
   Redirected URL = null
          Cookies = []

MockHttpServletRequest:
      HTTP Method = POST
      Request URI = /products
       Parameters = {}
          Headers = {Content-Type=[application/json;charset=UTF-8]}
             Body = {"id": 19, "name": "Suit", "category": "Full Body Outfits", "retail_price": 158.0, "discounted_price": 135.88, "availability": true}
    Session Attrs = {}

Handler:
             Type = com.hackerrank.eshopping.product.dashboard.controller.ProductsController
           Method = public org.springframework.http.ResponseEntity<java.lang.String> com.hackerrank.eshopping.product.dashboard.controller.ProductsController.addProduct(com.hackerrank.eshopping.product.dashboard.model.Product)

Async:
    Async started = false
     Async result = null

Resolved Exception:
             Type = null

ModelAndView:
        View name = null
             View = null
            Model = null

FlashMap:
       Attributes = null

MockHttpServletResponse:
           Status = 201
    Error message = null
          Headers = {}
     Content type = null
             Body = 
    Forwarded URL = null
   Redirected URL = null
          Cookies = []

MockHttpServletRequest:
      HTTP Method = POST
      Request URI = /products
       Parameters = {}
          Headers = {Content-Type=[application/json;charset=UTF-8]}
             Body = {"id": 20, "name": "Catsuit", "category": "Full Body Outfits", "retail_price": 158.0, "discounted_price": 135.88, "availability": true}
    Session Attrs = {}

Handler:
             Type = com.hackerrank.eshopping.product.dashboard.controller.ProductsController
           Method = public org.springframework.http.ResponseEntity<java.lang.String> com.hackerrank.eshopping.product.dashboard.controller.ProductsController.addProduct(com.hackerrank.eshopping.product.dashboard.model.Product)

Async:
    Async started = false
     Async result = null

Resolved Exception:
             Type = null

ModelAndView:
        View name = null
             View = null
            Model = null

FlashMap:
       Attributes = null

MockHttpServletResponse:
           Status = 201
    Error message = null
          Headers = {}
     Content type = null
             Body = 
    Forwarded URL = null
   Redirected URL = null
          Cookies = []

MockHttpServletRequest:
      HTTP Method = POST
      Request URI = /products
       Parameters = {}
          Headers = {Content-Type=[application/json;charset=UTF-8]}
             Body = {"id": 21, "name": "Dungarees", "category": "Full Body Outfits", "retail_price": 437.0, "discounted_price": 362.71, "availability": false}
    Session Attrs = {}

Handler:
             Type = com.hackerrank.eshopping.product.dashboard.controller.ProductsController
           Method = public org.springframework.http.ResponseEntity<java.lang.String> com.hackerrank.eshopping.product.dashboard.controller.ProductsController.addProduct(com.hackerrank.eshopping.product.dashboard.model.Product)

Async:
    Async started = false
     Async result = null

Resolved Exception:
             Type = null

ModelAndView:
        View name = null
             View = null
            Model = null

FlashMap:
       Attributes = null

MockHttpServletResponse:
           Status = 201
    Error message = null
          Headers = {}
     Content type = null
             Body = 
    Forwarded URL = null
   Redirected URL = null
          Cookies = []

MockHttpServletRequest:
      HTTP Method = POST
      Request URI = /products
       Parameters = {}
          Headers = {Content-Type=[application/json;charset=UTF-8]}
             Body = {"id": 1, "name": "Dressing Gown", "category": "Underwear", "retail_price": 303.0, "discounted_price": 251.49, "availability": true}
    Session Attrs = {}

Handler:
             Type = com.hackerrank.eshopping.product.dashboard.controller.ProductsController
           Method = public org.springframework.http.ResponseEntity<java.lang.String> com.hackerrank.eshopping.product.dashboard.controller.ProductsController.addProduct(com.hackerrank.eshopping.product.dashboard.model.Product)

Async:
    Async started = false
     Async result = null

Resolved Exception:
             Type = null

ModelAndView:
        View name = null
             View = null
            Model = null

FlashMap:
       Attributes = null

MockHttpServletResponse:
           Status = 400
    Error message = null
          Headers = {}
     Content type = null
             Body = 
    Forwarded URL = null
   Redirected URL = null
          Cookies = []

MockHttpServletRequest:
      HTTP Method = PUT
      Request URI = /products/6
       Parameters = {}
          Headers = {Content-Type=[application/json;charset=UTF-8]}
             Body = {"retail_price": 325.45, "discounted_price": 260.36, "availability": true}
    Session Attrs = {}

Handler:
             Type = com.hackerrank.eshopping.product.dashboard.controller.ProductsController
           Method = public org.springframework.http.ResponseEntity<java.lang.String> com.hackerrank.eshopping.product.dashboard.controller.ProductsController.updateProduct(java.lang.Long,com.hackerrank.eshopping.product.dashboard.model.UpdateData)

Async:
    Async started = false
     Async result = null

Resolved Exception:
             Type = null

ModelAndView:
        View name = null
             View = null
            Model = null

FlashMap:
       Attributes = null

MockHttpServletResponse:
           Status = 200
    Error message = null
          Headers = {}
     Content type = null
             Body = 
    Forwarded URL = null
   Redirected URL = null
          Cookies = []

MockHttpServletRequest:
      HTTP Method = PUT
      Request URI = /products/10
       Parameters = {}
          Headers = {Content-Type=[application/json;charset=UTF-8]}
             Body = {"retail_price": 284.0, "discounted_price": 227.2, "availability": true}
    Session Attrs = {}

Handler:
             Type = com.hackerrank.eshopping.product.dashboard.controller.ProductsController
           Method = public org.springframework.http.ResponseEntity<java.lang.String> com.hackerrank.eshopping.product.dashboard.controller.ProductsController.updateProduct(java.lang.Long,com.hackerrank.eshopping.product.dashboard.model.UpdateData)

Async:
    Async started = false
     Async result = null

Resolved Exception:
             Type = null

ModelAndView:
        View name = null
             View = null
            Model = null

FlashMap:
       Attributes = null

MockHttpServletResponse:
           Status = 200
    Error message = null
          Headers = {}
     Content type = null
             Body = 
    Forwarded URL = null
   Redirected URL = null
          Cookies = []

MockHttpServletRequest:
      HTTP Method = PUT
      Request URI = /products/2
       Parameters = {}
          Headers = {Content-Type=[application/json;charset=UTF-8]}
             Body = {"retail_price": 150.0, "discounted_price": 123.0, "availability": false}
    Session Attrs = {}

Handler:
             Type = com.hackerrank.eshopping.product.dashboard.controller.ProductsController
           Method = public org.springframework.http.ResponseEntity<java.lang.String> com.hackerrank.eshopping.product.dashboard.controller.ProductsController.updateProduct(java.lang.Long,com.hackerrank.eshopping.product.dashboard.model.UpdateData)

Async:
    Async started = false
     Async result = null

Resolved Exception:
             Type = null

ModelAndView:
        View name = null
             View = null
            Model = null

FlashMap:
       Attributes = null

MockHttpServletResponse:
           Status = 200
    Error message = null
          Headers = {}
     Content type = null
             Body = 
    Forwarded URL = null
   Redirected URL = null
          Cookies = []

MockHttpServletRequest:
      HTTP Method = PUT
      Request URI = /products/12
       Parameters = {}
          Headers = {Content-Type=[application/json;charset=UTF-8]}
             Body = {"retail_price": 350.0, "discounted_price": 283.5, "availability": true}
    Session Attrs = {}

Handler:
             Type = com.hackerrank.eshopping.product.dashboard.controller.ProductsController
           Method = public org.springframework.http.ResponseEntity<java.lang.String> com.hackerrank.eshopping.product.dashboard.controller.ProductsController.updateProduct(java.lang.Long,com.hackerrank.eshopping.product.dashboard.model.UpdateData)

Async:
    Async started = false
     Async result = null

Resolved Exception:
             Type = null

ModelAndView:
        View name = null
             View = null
            Model = null

FlashMap:
       Attributes = null

MockHttpServletResponse:
           Status = 200
    Error message = null
          Headers = {}
     Content type = null
             Body = 
    Forwarded URL = null
   Redirected URL = null
          Cookies = []

MockHttpServletRequest:
      HTTP Method = PUT
      Request URI = /products/19
       Parameters = {}
          Headers = {Content-Type=[application/json;charset=UTF-8]}
             Body = {"retail_price": 125.0, "discounted_price": 100.0, "availability": false}
    Session Attrs = {}

Handler:
             Type = com.hackerrank.eshopping.product.dashboard.controller.ProductsController
           Method = public org.springframework.http.ResponseEntity<java.lang.String> com.hackerrank.eshopping.product.dashboard.controller.ProductsController.updateProduct(java.lang.Long,com.hackerrank.eshopping.product.dashboard.model.UpdateData)

Async:
    Async started = false
     Async result = null

Resolved Exception:
             Type = null

ModelAndView:
        View name = null
             View = null
            Model = null

FlashMap:
       Attributes = null

MockHttpServletResponse:
           Status = 200
    Error message = null
          Headers = {}
     Content type = null
             Body = 
    Forwarded URL = null
   Redirected URL = null
          Cookies = []

MockHttpServletRequest:
      HTTP Method = PUT
      Request URI = /products/20
       Parameters = {}
          Headers = {Content-Type=[application/json;charset=UTF-8]}
             Body = {"retail_price": 250.0, "discounted_price": 200.0, "availability": false}
    Session Attrs = {}

Handler:
             Type = com.hackerrank.eshopping.product.dashboard.controller.ProductsController
           Method = public org.springframework.http.ResponseEntity<java.lang.String> com.hackerrank.eshopping.product.dashboard.controller.ProductsController.updateProduct(java.lang.Long,com.hackerrank.eshopping.product.dashboard.model.UpdateData)

Async:
    Async started = false
     Async result = null

Resolved Exception:
             Type = null

ModelAndView:
        View name = null
             View = null
            Model = null

FlashMap:
       Attributes = null

MockHttpServletResponse:
           Status = 200
    Error message = null
          Headers = {}
     Content type = null
             Body = 
    Forwarded URL = null
   Redirected URL = null
          Cookies = []

MockHttpServletRequest:
      HTTP Method = PUT
      Request URI = /products/13
       Parameters = {}
          Headers = {Content-Type=[application/json;charset=UTF-8]}
             Body = {"retail_price": 500.0, "discounted_price": 450.0, "availability": false}
    Session Attrs = {}

Handler:
             Type = com.hackerrank.eshopping.product.dashboard.controller.ProductsController
           Method = public org.springframework.http.ResponseEntity<java.lang.String> com.hackerrank.eshopping.product.dashboard.controller.ProductsController.updateProduct(java.lang.Long,com.hackerrank.eshopping.product.dashboard.model.UpdateData)

Async:
    Async started = false
     Async result = null

Resolved Exception:
             Type = null

ModelAndView:
        View name = null
             View = null
            Model = null

FlashMap:
       Attributes = null

MockHttpServletResponse:
           Status = 200
    Error message = null
          Headers = {}
     Content type = null
             Body = 
    Forwarded URL = null
   Redirected URL = null
          Cookies = []

MockHttpServletRequest:
      HTTP Method = PUT
      Request URI = /products/25
       Parameters = {}
          Headers = {Content-Type=[application/json;charset=UTF-8]}
             Body = {"retail_price": 311.0, "discounted_price": 258.13, "availability": true}
    Session Attrs = {}

Handler:
             Type = com.hackerrank.eshopping.product.dashboard.controller.ProductsController
           Method = public org.springframework.http.ResponseEntity<java.lang.String> com.hackerrank.eshopping.product.dashboard.controller.ProductsController.updateProduct(java.lang.Long,com.hackerrank.eshopping.product.dashboard.model.UpdateData)

Async:
    Async started = false
     Async result = null

Resolved Exception:
             Type = null

ModelAndView:
        View name = null
             View = null
            Model = null

FlashMap:
       Attributes = null

MockHttpServletResponse:
           Status = 400
    Error message = null
          Headers = {}
     Content type = null
             Body = 
    Forwarded URL = null
   Redirected URL = null
          Cookies = []

MockHttpServletRequest:
      HTTP Method = GET
      Request URI = /products/2
       Parameters = {}
          Headers = {}
             Body = null
    Session Attrs = {}

Handler:
             Type = com.hackerrank.eshopping.product.dashboard.controller.ProductsController
           Method = public org.springframework.http.ResponseEntity<java.lang.String> com.hackerrank.eshopping.product.dashboard.controller.ProductsController.getProductById(java.lang.Long)

Async:
    Async started = false
     Async result = null

Resolved Exception:
             Type = null

ModelAndView:
        View name = null
             View = null
            Model = null

FlashMap:
       Attributes = null

MockHttpServletResponse:
           Status = 200
    Error message = null
          Headers = {Content-Type=[application/json;charset=UTF-8]}
     Content type = application/json;charset=UTF-8
             Body = {"id":2,"name":"Shoes","category":"Footwear","retail_price":150.0,"discounted_price":123.0,"discount_percent":18,"availability":false}
    Forwarded URL = null
   Redirected URL = null
          Cookies = []

MockHttpServletRequest:
      HTTP Method = GET
      Request URI = /products/25
       Parameters = {}
          Headers = {}
             Body = null
    Session Attrs = {}

Handler:
             Type = com.hackerrank.eshopping.product.dashboard.controller.ProductsController
           Method = public org.springframework.http.ResponseEntity<java.lang.String> com.hackerrank.eshopping.product.dashboard.controller.ProductsController.getProductById(java.lang.Long)

Async:
    Async started = false
     Async result = null

Resolved Exception:
             Type = null

ModelAndView:
        View name = null
             View = null
            Model = null

FlashMap:
       Attributes = null

MockHttpServletResponse:
           Status = 404
    Error message = null
          Headers = {}
     Content type = null
             Body = 
    Forwarded URL = null
   Redirected URL = null
          Cookies = []

MockHttpServletRequest:
      HTTP Method = GET
      Request URI = /products
       Parameters = {category=[Accessories]}
          Headers = {}
             Body = null
    Session Attrs = {}

Handler:
             Type = com.hackerrank.eshopping.product.dashboard.controller.ProductsController
           Method = public org.springframework.http.ResponseEntity<java.util.List<com.hackerrank.eshopping.product.dashboard.model.Product>> com.hackerrank.eshopping.product.dashboard.controller.ProductsController.getProductsByCategory(java.lang.String)

Async:
    Async started = false
     Async result = null

Resolved Exception:
             Type = null

ModelAndView:
        View name = null
             View = null
            Model = null

FlashMap:
       Attributes = null

MockHttpServletResponse:
           Status = 200
    Error message = null
          Headers = {Content-Type=[application/json;charset=UTF-8]}
     Content type = application/json;charset=UTF-8
             Body = [{"id":8,"name":"Kaftan","category":"Accessories","retail_price":237.0,"discounted_price":215.67,"discount_percent":100,"availability":true},{"id":10,"name":"Cufflinks","category":"Accessories","retail_price":284.0,"discounted_price":227.2,"discount_percent":20,"availability":true},{"id":6,"name":"Shawl","category":"Accessories","retail_price":325.45,"discounted_price":260.36,"discount_percent":7,"availability":true},{"id":12,"name":"Poncho","category":"Accessories","retail_price":350.0,"discounted_price":283.5,"discount_percent":19,"availability":true},{"id":7,"name":"Belt","category":"Accessories","retail_price":471.0,"discounted_price":419.19,"discount_percent":100,"availability":true},{"id":13,"name":"Cummerbund","category":"Accessories","retail_price":500.0,"discounted_price":450.0,"discount_percent":8,"availability":false}]
    Forwarded URL = null
   Redirected URL = null
          Cookies = []
]]></system-out>
  </testcase>
  <testcase name="findProductsByNonExistingCategory" classname="com.hackerrank.eshopping.product.dashboard.controller.ProductsControllerTest" time="0.001"/>
  <testcase name="findProductsByCategoryAndAvailability" classname="com.hackerrank.eshopping.product.dashboard.controller.ProductsControllerTest" time="0.073">
    <failure type="java.lang.AssertionError">java.lang.AssertionError
	at com.hackerrank.eshopping.product.dashboard.controller.ProductsControllerTest.findProductsByCategoryAndAvailability(ProductsControllerTest.java:1038)
</failure>
    <system-out><![CDATA[In getproductByCatAndAvail: Full Body Outfits, true
Hibernate: select productmod0_.id as id1_0_, productmod0_.availability as availabi2_0_, productmod0_.category as category3_0_, productmod0_.discount_percent as discount4_0_, productmod0_.discounted_price as discount5_0_, productmod0_.name as name6_0_, productmod0_.retail_price as retail_p7_0_ from product productmod0_ where productmod0_.category=? order by productmod0_.availability desc, productmod0_.discounted_price asc, productmod0_.id asc

MockHttpServletRequest:
      HTTP Method = POST
      Request URI = /products
       Parameters = {}
          Headers = {Content-Type=[application/json;charset=UTF-8]}
             Body = {"id": 1, "name": "Dressing Gown", "category": "Full Body Outfits", "retail_price": 303.0, "discounted_price": 251.49, "availability": true}
    Session Attrs = {}

Handler:
             Type = com.hackerrank.eshopping.product.dashboard.controller.ProductsController
           Method = public org.springframework.http.ResponseEntity<java.lang.String> com.hackerrank.eshopping.product.dashboard.controller.ProductsController.addProduct(com.hackerrank.eshopping.product.dashboard.model.Product)

Async:
    Async started = false
     Async result = null

Resolved Exception:
             Type = null

ModelAndView:
        View name = null
             View = null
            Model = null

FlashMap:
       Attributes = null

MockHttpServletResponse:
           Status = 201
    Error message = null
          Headers = {}
     Content type = null
             Body = 
    Forwarded URL = null
   Redirected URL = null
          Cookies = []

MockHttpServletRequest:
      HTTP Method = POST
      Request URI = /products
       Parameters = {}
          Headers = {Content-Type=[application/json;charset=UTF-8]}
             Body = {"id": 2, "name": "Shoes", "category": "Footwear", "retail_price": 150.0, "discounted_price": 123.0, "availability": true}
    Session Attrs = {}

Handler:
             Type = com.hackerrank.eshopping.product.dashboard.controller.ProductsController
           Method = public org.springframework.http.ResponseEntity<java.lang.String> com.hackerrank.eshopping.product.dashboard.controller.ProductsController.addProduct(com.hackerrank.eshopping.product.dashboard.model.Product)

Async:
    Async started = false
     Async result = null

Resolved Exception:
             Type = null

ModelAndView:
        View name = null
             View = null
            Model = null

FlashMap:
       Attributes = null

MockHttpServletResponse:
           Status = 201
    Error message = null
          Headers = {}
     Content type = null
             Body = 
    Forwarded URL = null
   Redirected URL = null
          Cookies = []

MockHttpServletRequest:
      HTTP Method = POST
      Request URI = /products
       Parameters = {}
          Headers = {Content-Type=[application/json;charset=UTF-8]}
             Body = {"id": 3, "name": "Nightgown", "category": "Full Body Outfits", "retail_price": 307.0, "discounted_price": 254.81, "availability": true}
    Session Attrs = {}

Handler:
             Type = com.hackerrank.eshopping.product.dashboard.controller.ProductsController
           Method = public org.springframework.http.ResponseEntity<java.lang.String> com.hackerrank.eshopping.product.dashboard.controller.ProductsController.addProduct(com.hackerrank.eshopping.product.dashboard.model.Product)

Async:
    Async started = false
     Async result = null

Resolved Exception:
             Type = null

ModelAndView:
        View name = null
             View = null
            Model = null

FlashMap:
       Attributes = null

MockHttpServletResponse:
           Status = 201
    Error message = null
          Headers = {}
     Content type = null
             Body = 
    Forwarded URL = null
   Redirected URL = null
          Cookies = []

MockHttpServletRequest:
      HTTP Method = POST
      Request URI = /products
       Parameters = {}
          Headers = {Content-Type=[application/json;charset=UTF-8]}
             Body = {"id": 4, "name": "Boots", "category": "Footwear", "retail_price": 162.0, "discounted_price": 132.84, "availability": true}
    Session Attrs = {}

Handler:
             Type = com.hackerrank.eshopping.product.dashboard.controller.ProductsController
           Method = public org.springframework.http.ResponseEntity<java.lang.String> com.hackerrank.eshopping.product.dashboard.controller.ProductsController.addProduct(com.hackerrank.eshopping.product.dashboard.model.Product)

Async:
    Async started = false
     Async result = null

Resolved Exception:
             Type = null

ModelAndView:
        View name = null
             View = null
            Model = null

FlashMap:
       Attributes = null

MockHttpServletResponse:
           Status = 201
    Error message = null
          Headers = {}
     Content type = null
             Body = 
    Forwarded URL = null
   Redirected URL = null
          Cookies = []

MockHttpServletRequest:
      HTTP Method = POST
      Request URI = /products
       Parameters = {}
          Headers = {Content-Type=[application/json;charset=UTF-8]}
             Body = {"id": 5, "name": "Ball Gown", "category": "Full Body Outfits", "retail_price": 337.0, "discounted_price": 272.97, "availability": true}
    Session Attrs = {}

Handler:
             Type = com.hackerrank.eshopping.product.dashboard.controller.ProductsController
           Method = public org.springframework.http.ResponseEntity<java.lang.String> com.hackerrank.eshopping.product.dashboard.controller.ProductsController.addProduct(com.hackerrank.eshopping.product.dashboard.model.Product)

Async:
    Async started = false
     Async result = null

Resolved Exception:
             Type = null

ModelAndView:
        View name = null
             View = null
            Model = null

FlashMap:
       Attributes = null

MockHttpServletResponse:
           Status = 201
    Error message = null
          Headers = {}
     Content type = null
             Body = 
    Forwarded URL = null
   Redirected URL = null
          Cookies = []

MockHttpServletRequest:
      HTTP Method = POST
      Request URI = /products
       Parameters = {}
          Headers = {Content-Type=[application/json;charset=UTF-8]}
             Body = {"id": 6, "name": "Shawl", "category": "Accessories", "retail_price": 283.0, "discounted_price": 260.36, "availability": true}
    Session Attrs = {}

Handler:
             Type = com.hackerrank.eshopping.product.dashboard.controller.ProductsController
           Method = public org.springframework.http.ResponseEntity<java.lang.String> com.hackerrank.eshopping.product.dashboard.controller.ProductsController.addProduct(com.hackerrank.eshopping.product.dashboard.model.Product)

Async:
    Async started = false
     Async result = null

Resolved Exception:
             Type = null

ModelAndView:
        View name = null
             View = null
            Model = null

FlashMap:
       Attributes = null

MockHttpServletResponse:
           Status = 201
    Error message = null
          Headers = {}
     Content type = null
             Body = 
    Forwarded URL = null
   Redirected URL = null
          Cookies = []

MockHttpServletRequest:
      HTTP Method = POST
      Request URI = /products
       Parameters = {}
          Headers = {Content-Type=[application/json;charset=UTF-8]}
             Body = {"id": 7, "name": "Belt", "category": "Accessories", "retail_price": 471.0, "discounted_price": 419.19, "availability": true}
    Session Attrs = {}

Handler:
             Type = com.hackerrank.eshopping.product.dashboard.controller.ProductsController
           Method = public org.springframework.http.ResponseEntity<java.lang.String> com.hackerrank.eshopping.product.dashboard.controller.ProductsController.addProduct(com.hackerrank.eshopping.product.dashboard.model.Product)

Async:
    Async started = false
     Async result = null

Resolved Exception:
             Type = null

ModelAndView:
        View name = null
             View = null
            Model = null

FlashMap:
       Attributes = null

MockHttpServletResponse:
           Status = 201
    Error message = null
          Headers = {}
     Content type = null
             Body = 
    Forwarded URL = null
   Redirected URL = null
          Cookies = []

MockHttpServletRequest:
      HTTP Method = POST
      Request URI = /products
       Parameters = {}
          Headers = {Content-Type=[application/json;charset=UTF-8]}
             Body = {"id": 8, "name": "Kaftan", "category": "Accessories", "retail_price": 237.0, "discounted_price": 215.67, "availability": true}
    Session Attrs = {}

Handler:
             Type = com.hackerrank.eshopping.product.dashboard.controller.ProductsController
           Method = public org.springframework.http.ResponseEntity<java.lang.String> com.hackerrank.eshopping.product.dashboard.controller.ProductsController.addProduct(com.hackerrank.eshopping.product.dashboard.model.Product)

Async:
    Async started = false
     Async result = null

Resolved Exception:
             Type = null

ModelAndView:
        View name = null
             View = null
            Model = null

FlashMap:
       Attributes = null

MockHttpServletResponse:
           Status = 201
    Error message = null
          Headers = {}
     Content type = null
             Body = 
    Forwarded URL = null
   Redirected URL = null
          Cookies = []

MockHttpServletRequest:
      HTTP Method = POST
      Request URI = /products
       Parameters = {}
          Headers = {Content-Type=[application/json;charset=UTF-8]}
             Body = {"id": 9, "name": "Overalls", "category": "Full Body Outfits", "retail_price": 374.0, "discounted_price": 321.64, "availability": true}
    Session Attrs = {}

Handler:
             Type = com.hackerrank.eshopping.product.dashboard.controller.ProductsController
           Method = public org.springframework.http.ResponseEntity<java.lang.String> com.hackerrank.eshopping.product.dashboard.controller.ProductsController.addProduct(com.hackerrank.eshopping.product.dashboard.model.Product)

Async:
    Async started = false
     Async result = null

Resolved Exception:
             Type = null

ModelAndView:
        View name = null
             View = null
            Model = null

FlashMap:
       Attributes = null

MockHttpServletResponse:
           Status = 201
    Error message = null
          Headers = {}
     Content type = null
             Body = 
    Forwarded URL = null
   Redirected URL = null
          Cookies = []

MockHttpServletRequest:
      HTTP Method = POST
      Request URI = /products
       Parameters = {}
          Headers = {Content-Type=[application/json;charset=UTF-8]}
             Body = {"id": 10, "name": "Cufflinks", "category": "Accessories", "retail_price": 284.0, "discounted_price": 247.08, "availability": true}
    Session Attrs = {}

Handler:
             Type = com.hackerrank.eshopping.product.dashboard.controller.ProductsController
           Method = public org.springframework.http.ResponseEntity<java.lang.String> com.hackerrank.eshopping.product.dashboard.controller.ProductsController.addProduct(com.hackerrank.eshopping.product.dashboard.model.Product)

Async:
    Async started = false
     Async result = null

Resolved Exception:
             Type = null

ModelAndView:
        View name = null
             View = null
            Model = null

FlashMap:
       Attributes = null

MockHttpServletResponse:
           Status = 201
    Error message = null
          Headers = {}
     Content type = null
             Body = 
    Forwarded URL = null
   Redirected URL = null
          Cookies = []

MockHttpServletRequest:
      HTTP Method = POST
      Request URI = /products
       Parameters = {}
          Headers = {Content-Type=[application/json;charset=UTF-8]}
             Body = {"id": 11, "name": "Cargos", "category": "Bottoms", "retail_price": 498.0, "discounted_price": 428.28, "availability": true}
    Session Attrs = {}

Handler:
             Type = com.hackerrank.eshopping.product.dashboard.controller.ProductsController
           Method = public org.springframework.http.ResponseEntity<java.lang.String> com.hackerrank.eshopping.product.dashboard.controller.ProductsController.addProduct(com.hackerrank.eshopping.product.dashboard.model.Product)

Async:
    Async started = false
     Async result = null

Resolved Exception:
             Type = null

ModelAndView:
        View name = null
             View = null
            Model = null

FlashMap:
       Attributes = null

MockHttpServletResponse:
           Status = 201
    Error message = null
          Headers = {}
     Content type = null
             Body = 
    Forwarded URL = null
   Redirected URL = null
          Cookies = []

MockHttpServletRequest:
      HTTP Method = POST
      Request URI = /products
       Parameters = {}
          Headers = {Content-Type=[application/json;charset=UTF-8]}
             Body = {"id": 12, "name": "Poncho", "category": "Accessories", "retail_price": 280.0, "discounted_price": 224.7, "availability": true}
    Session Attrs = {}

Handler:
             Type = com.hackerrank.eshopping.product.dashboard.controller.ProductsController
           Method = public org.springframework.http.ResponseEntity<java.lang.String> com.hackerrank.eshopping.product.dashboard.controller.ProductsController.addProduct(com.hackerrank.eshopping.product.dashboard.model.Product)

Async:
    Async started = false
     Async result = null

Resolved Exception:
             Type = null

ModelAndView:
        View name = null
             View = null
            Model = null

FlashMap:
       Attributes = null

MockHttpServletResponse:
           Status = 201
    Error message = null
          Headers = {}
     Content type = null
             Body = 
    Forwarded URL = null
   Redirected URL = null
          Cookies = []

MockHttpServletRequest:
      HTTP Method = POST
      Request URI = /products
       Parameters = {}
          Headers = {Content-Type=[application/json;charset=UTF-8]}
             Body = {"id": 13, "name": "Cummerbund", "category": "Accessories", "retail_price": 435.0, "discounted_price": 400.2, "availability": true}
    Session Attrs = {}

Handler:
             Type = com.hackerrank.eshopping.product.dashboard.controller.ProductsController
           Method = public org.springframework.http.ResponseEntity<java.lang.String> com.hackerrank.eshopping.product.dashboard.controller.ProductsController.addProduct(com.hackerrank.eshopping.product.dashboard.model.Product)

Async:
    Async started = false
     Async result = null

Resolved Exception:
             Type = null

ModelAndView:
        View name = null
             View = null
            Model = null

FlashMap:
       Attributes = null

MockHttpServletResponse:
           Status = 201
    Error message = null
          Headers = {}
     Content type = null
             Body = 
    Forwarded URL = null
   Redirected URL = null
          Cookies = []

MockHttpServletRequest:
      HTTP Method = POST
      Request URI = /products
       Parameters = {}
          Headers = {Content-Type=[application/json;charset=UTF-8]}
             Body = {"id": 14, "name": "Dress", "category": "Full Body Outfits", "retail_price": 175.0, "discounted_price": 140.0, "availability": true}
    Session Attrs = {}

Handler:
             Type = com.hackerrank.eshopping.product.dashboard.controller.ProductsController
           Method = public org.springframework.http.ResponseEntity<java.lang.String> com.hackerrank.eshopping.product.dashboard.controller.ProductsController.addProduct(com.hackerrank.eshopping.product.dashboard.model.Product)

Async:
    Async started = false
     Async result = null

Resolved Exception:
             Type = null

ModelAndView:
        View name = null
             View = null
            Model = null

FlashMap:
       Attributes = null

MockHttpServletResponse:
           Status = 201
    Error message = null
          Headers = {}
     Content type = null
             Body = 
    Forwarded URL = null
   Redirected URL = null
          Cookies = []

MockHttpServletRequest:
      HTTP Method = POST
      Request URI = /products
       Parameters = {}
          Headers = {Content-Type=[application/json;charset=UTF-8]}
             Body = {"id": 15, "name": "Trainers", "category": "Footwear", "retail_price": 228.0, "discounted_price": 184.68, "availability": true}
    Session Attrs = {}

Handler:
             Type = com.hackerrank.eshopping.product.dashboard.controller.ProductsController
           Method = public org.springframework.http.ResponseEntity<java.lang.String> com.hackerrank.eshopping.product.dashboard.controller.ProductsController.addProduct(com.hackerrank.eshopping.product.dashboard.model.Product)

Async:
    Async started = false
     Async result = null

Resolved Exception:
             Type = null

ModelAndView:
        View name = null
             View = null
            Model = null

FlashMap:
       Attributes = null

MockHttpServletResponse:
           Status = 201
    Error message = null
          Headers = {}
     Content type = null
             Body = 
    Forwarded URL = null
   Redirected URL = null
          Cookies = []

MockHttpServletRequest:
      HTTP Method = POST
      Request URI = /products
       Parameters = {}
          Headers = {Content-Type=[application/json;charset=UTF-8]}
             Body = {"id": 16, "name": "Tracksuit", "category": "Full Body Outfits", "retail_price": 471.0, "discounted_price": 423.9, "availability": false}
    Session Attrs = {}

Handler:
             Type = com.hackerrank.eshopping.product.dashboard.controller.ProductsController
           Method = public org.springframework.http.ResponseEntity<java.lang.String> com.hackerrank.eshopping.product.dashboard.controller.ProductsController.addProduct(com.hackerrank.eshopping.product.dashboard.model.Product)

Async:
    Async started = false
     Async result = null

Resolved Exception:
             Type = null

ModelAndView:
        View name = null
             View = null
            Model = null

FlashMap:
       Attributes = null

MockHttpServletResponse:
           Status = 201
    Error message = null
          Headers = {}
     Content type = null
             Body = 
    Forwarded URL = null
   Redirected URL = null
          Cookies = []

MockHttpServletRequest:
      HTTP Method = POST
      Request URI = /products
       Parameters = {}
          Headers = {Content-Type=[application/json;charset=UTF-8]}
             Body = {"id": 17, "name": "Tailcoat", "category": "Full Body Outfits", "retail_price": 307.0, "discounted_price": 254.81, "availability": true}
    Session Attrs = {}

Handler:
             Type = com.hackerrank.eshopping.product.dashboard.controller.ProductsController
           Method = public org.springframework.http.ResponseEntity<java.lang.String> com.hackerrank.eshopping.product.dashboard.controller.ProductsController.addProduct(com.hackerrank.eshopping.product.dashboard.model.Product)

Async:
    Async started = false
     Async result = null

Resolved Exception:
             Type = null

ModelAndView:
        View name = null
             View = null
            Model = null

FlashMap:
       Attributes = null

MockHttpServletResponse:
           Status = 201
    Error message = null
          Headers = {}
     Content type = null
             Body = 
    Forwarded URL = null
   Redirected URL = null
          Cookies = []

MockHttpServletRequest:
      HTTP Method = POST
      Request URI = /products
       Parameters = {}
          Headers = {Content-Type=[application/json;charset=UTF-8]}
             Body = {"id": 18, "name": "Vest", "category": "Tops", "retail_price": 446.0, "discounted_price": 392.48, "availability": true}
    Session Attrs = {}

Handler:
             Type = com.hackerrank.eshopping.product.dashboard.controller.ProductsController
           Method = public org.springframework.http.ResponseEntity<java.lang.String> com.hackerrank.eshopping.product.dashboard.controller.ProductsController.addProduct(com.hackerrank.eshopping.product.dashboard.model.Product)

Async:
    Async started = false
     Async result = null

Resolved Exception:
             Type = null

ModelAndView:
        View name = null
             View = null
            Model = null

FlashMap:
       Attributes = null

MockHttpServletResponse:
           Status = 201
    Error message = null
          Headers = {}
     Content type = null
             Body = 
    Forwarded URL = null
   Redirected URL = null
          Cookies = []

MockHttpServletRequest:
      HTTP Method = POST
      Request URI = /products
       Parameters = {}
          Headers = {Content-Type=[application/json;charset=UTF-8]}
             Body = {"id": 19, "name": "Suit", "category": "Full Body Outfits", "retail_price": 158.0, "discounted_price": 135.88, "availability": true}
    Session Attrs = {}

Handler:
             Type = com.hackerrank.eshopping.product.dashboard.controller.ProductsController
           Method = public org.springframework.http.ResponseEntity<java.lang.String> com.hackerrank.eshopping.product.dashboard.controller.ProductsController.addProduct(com.hackerrank.eshopping.product.dashboard.model.Product)

Async:
    Async started = false
     Async result = null

Resolved Exception:
             Type = null

ModelAndView:
        View name = null
             View = null
            Model = null

FlashMap:
       Attributes = null

MockHttpServletResponse:
           Status = 201
    Error message = null
          Headers = {}
     Content type = null
             Body = 
    Forwarded URL = null
   Redirected URL = null
          Cookies = []

MockHttpServletRequest:
      HTTP Method = POST
      Request URI = /products
       Parameters = {}
          Headers = {Content-Type=[application/json;charset=UTF-8]}
             Body = {"id": 20, "name": "Catsuit", "category": "Full Body Outfits", "retail_price": 158.0, "discounted_price": 135.88, "availability": true}
    Session Attrs = {}

Handler:
             Type = com.hackerrank.eshopping.product.dashboard.controller.ProductsController
           Method = public org.springframework.http.ResponseEntity<java.lang.String> com.hackerrank.eshopping.product.dashboard.controller.ProductsController.addProduct(com.hackerrank.eshopping.product.dashboard.model.Product)

Async:
    Async started = false
     Async result = null

Resolved Exception:
             Type = null

ModelAndView:
        View name = null
             View = null
            Model = null

FlashMap:
       Attributes = null

MockHttpServletResponse:
           Status = 201
    Error message = null
          Headers = {}
     Content type = null
             Body = 
    Forwarded URL = null
   Redirected URL = null
          Cookies = []

MockHttpServletRequest:
      HTTP Method = POST
      Request URI = /products
       Parameters = {}
          Headers = {Content-Type=[application/json;charset=UTF-8]}
             Body = {"id": 21, "name": "Dungarees", "category": "Full Body Outfits", "retail_price": 437.0, "discounted_price": 362.71, "availability": false}
    Session Attrs = {}

Handler:
             Type = com.hackerrank.eshopping.product.dashboard.controller.ProductsController
           Method = public org.springframework.http.ResponseEntity<java.lang.String> com.hackerrank.eshopping.product.dashboard.controller.ProductsController.addProduct(com.hackerrank.eshopping.product.dashboard.model.Product)

Async:
    Async started = false
     Async result = null

Resolved Exception:
             Type = null

ModelAndView:
        View name = null
             View = null
            Model = null

FlashMap:
       Attributes = null

MockHttpServletResponse:
           Status = 201
    Error message = null
          Headers = {}
     Content type = null
             Body = 
    Forwarded URL = null
   Redirected URL = null
          Cookies = []

MockHttpServletRequest:
      HTTP Method = POST
      Request URI = /products
       Parameters = {}
          Headers = {Content-Type=[application/json;charset=UTF-8]}
             Body = {"id": 1, "name": "Dressing Gown", "category": "Underwear", "retail_price": 303.0, "discounted_price": 251.49, "availability": true}
    Session Attrs = {}

Handler:
             Type = com.hackerrank.eshopping.product.dashboard.controller.ProductsController
           Method = public org.springframework.http.ResponseEntity<java.lang.String> com.hackerrank.eshopping.product.dashboard.controller.ProductsController.addProduct(com.hackerrank.eshopping.product.dashboard.model.Product)

Async:
    Async started = false
     Async result = null

Resolved Exception:
             Type = null

ModelAndView:
        View name = null
             View = null
            Model = null

FlashMap:
       Attributes = null

MockHttpServletResponse:
           Status = 400
    Error message = null
          Headers = {}
     Content type = null
             Body = 
    Forwarded URL = null
   Redirected URL = null
          Cookies = []

MockHttpServletRequest:
      HTTP Method = PUT
      Request URI = /products/6
       Parameters = {}
          Headers = {Content-Type=[application/json;charset=UTF-8]}
             Body = {"retail_price": 325.45, "discounted_price": 260.36, "availability": true}
    Session Attrs = {}

Handler:
             Type = com.hackerrank.eshopping.product.dashboard.controller.ProductsController
           Method = public org.springframework.http.ResponseEntity<java.lang.String> com.hackerrank.eshopping.product.dashboard.controller.ProductsController.updateProduct(java.lang.Long,com.hackerrank.eshopping.product.dashboard.model.UpdateData)

Async:
    Async started = false
     Async result = null

Resolved Exception:
             Type = null

ModelAndView:
        View name = null
             View = null
            Model = null

FlashMap:
       Attributes = null

MockHttpServletResponse:
           Status = 200
    Error message = null
          Headers = {}
     Content type = null
             Body = 
    Forwarded URL = null
   Redirected URL = null
          Cookies = []

MockHttpServletRequest:
      HTTP Method = PUT
      Request URI = /products/10
       Parameters = {}
          Headers = {Content-Type=[application/json;charset=UTF-8]}
             Body = {"retail_price": 284.0, "discounted_price": 227.2, "availability": true}
    Session Attrs = {}

Handler:
             Type = com.hackerrank.eshopping.product.dashboard.controller.ProductsController
           Method = public org.springframework.http.ResponseEntity<java.lang.String> com.hackerrank.eshopping.product.dashboard.controller.ProductsController.updateProduct(java.lang.Long,com.hackerrank.eshopping.product.dashboard.model.UpdateData)

Async:
    Async started = false
     Async result = null

Resolved Exception:
             Type = null

ModelAndView:
        View name = null
             View = null
            Model = null

FlashMap:
       Attributes = null

MockHttpServletResponse:
           Status = 200
    Error message = null
          Headers = {}
     Content type = null
             Body = 
    Forwarded URL = null
   Redirected URL = null
          Cookies = []

MockHttpServletRequest:
      HTTP Method = PUT
      Request URI = /products/2
       Parameters = {}
          Headers = {Content-Type=[application/json;charset=UTF-8]}
             Body = {"retail_price": 150.0, "discounted_price": 123.0, "availability": false}
    Session Attrs = {}

Handler:
             Type = com.hackerrank.eshopping.product.dashboard.controller.ProductsController
           Method = public org.springframework.http.ResponseEntity<java.lang.String> com.hackerrank.eshopping.product.dashboard.controller.ProductsController.updateProduct(java.lang.Long,com.hackerrank.eshopping.product.dashboard.model.UpdateData)

Async:
    Async started = false
     Async result = null

Resolved Exception:
             Type = null

ModelAndView:
        View name = null
             View = null
            Model = null

FlashMap:
       Attributes = null

MockHttpServletResponse:
           Status = 200
    Error message = null
          Headers = {}
     Content type = null
             Body = 
    Forwarded URL = null
   Redirected URL = null
          Cookies = []

MockHttpServletRequest:
      HTTP Method = PUT
      Request URI = /products/12
       Parameters = {}
          Headers = {Content-Type=[application/json;charset=UTF-8]}
             Body = {"retail_price": 350.0, "discounted_price": 283.5, "availability": true}
    Session Attrs = {}

Handler:
             Type = com.hackerrank.eshopping.product.dashboard.controller.ProductsController
           Method = public org.springframework.http.ResponseEntity<java.lang.String> com.hackerrank.eshopping.product.dashboard.controller.ProductsController.updateProduct(java.lang.Long,com.hackerrank.eshopping.product.dashboard.model.UpdateData)

Async:
    Async started = false
     Async result = null

Resolved Exception:
             Type = null

ModelAndView:
        View name = null
             View = null
            Model = null

FlashMap:
       Attributes = null

MockHttpServletResponse:
           Status = 200
    Error message = null
          Headers = {}
     Content type = null
             Body = 
    Forwarded URL = null
   Redirected URL = null
          Cookies = []

MockHttpServletRequest:
      HTTP Method = PUT
      Request URI = /products/19
       Parameters = {}
          Headers = {Content-Type=[application/json;charset=UTF-8]}
             Body = {"retail_price": 125.0, "discounted_price": 100.0, "availability": false}
    Session Attrs = {}

Handler:
             Type = com.hackerrank.eshopping.product.dashboard.controller.ProductsController
           Method = public org.springframework.http.ResponseEntity<java.lang.String> com.hackerrank.eshopping.product.dashboard.controller.ProductsController.updateProduct(java.lang.Long,com.hackerrank.eshopping.product.dashboard.model.UpdateData)

Async:
    Async started = false
     Async result = null

Resolved Exception:
             Type = null

ModelAndView:
        View name = null
             View = null
            Model = null

FlashMap:
       Attributes = null

MockHttpServletResponse:
           Status = 200
    Error message = null
          Headers = {}
     Content type = null
             Body = 
    Forwarded URL = null
   Redirected URL = null
          Cookies = []

MockHttpServletRequest:
      HTTP Method = PUT
      Request URI = /products/20
       Parameters = {}
          Headers = {Content-Type=[application/json;charset=UTF-8]}
             Body = {"retail_price": 250.0, "discounted_price": 200.0, "availability": false}
    Session Attrs = {}

Handler:
             Type = com.hackerrank.eshopping.product.dashboard.controller.ProductsController
           Method = public org.springframework.http.ResponseEntity<java.lang.String> com.hackerrank.eshopping.product.dashboard.controller.ProductsController.updateProduct(java.lang.Long,com.hackerrank.eshopping.product.dashboard.model.UpdateData)

Async:
    Async started = false
     Async result = null

Resolved Exception:
             Type = null

ModelAndView:
        View name = null
             View = null
            Model = null

FlashMap:
       Attributes = null

MockHttpServletResponse:
           Status = 200
    Error message = null
          Headers = {}
     Content type = null
             Body = 
    Forwarded URL = null
   Redirected URL = null
          Cookies = []

MockHttpServletRequest:
      HTTP Method = PUT
      Request URI = /products/13
       Parameters = {}
          Headers = {Content-Type=[application/json;charset=UTF-8]}
             Body = {"retail_price": 500.0, "discounted_price": 450.0, "availability": false}
    Session Attrs = {}

Handler:
             Type = com.hackerrank.eshopping.product.dashboard.controller.ProductsController
           Method = public org.springframework.http.ResponseEntity<java.lang.String> com.hackerrank.eshopping.product.dashboard.controller.ProductsController.updateProduct(java.lang.Long,com.hackerrank.eshopping.product.dashboard.model.UpdateData)

Async:
    Async started = false
     Async result = null

Resolved Exception:
             Type = null

ModelAndView:
        View name = null
             View = null
            Model = null

FlashMap:
       Attributes = null

MockHttpServletResponse:
           Status = 200
    Error message = null
          Headers = {}
     Content type = null
             Body = 
    Forwarded URL = null
   Redirected URL = null
          Cookies = []

MockHttpServletRequest:
      HTTP Method = PUT
      Request URI = /products/25
       Parameters = {}
          Headers = {Content-Type=[application/json;charset=UTF-8]}
             Body = {"retail_price": 311.0, "discounted_price": 258.13, "availability": true}
    Session Attrs = {}

Handler:
             Type = com.hackerrank.eshopping.product.dashboard.controller.ProductsController
           Method = public org.springframework.http.ResponseEntity<java.lang.String> com.hackerrank.eshopping.product.dashboard.controller.ProductsController.updateProduct(java.lang.Long,com.hackerrank.eshopping.product.dashboard.model.UpdateData)

Async:
    Async started = false
     Async result = null

Resolved Exception:
             Type = null

ModelAndView:
        View name = null
             View = null
            Model = null

FlashMap:
       Attributes = null

MockHttpServletResponse:
           Status = 400
    Error message = null
          Headers = {}
     Content type = null
             Body = 
    Forwarded URL = null
   Redirected URL = null
          Cookies = []

MockHttpServletRequest:
      HTTP Method = GET
      Request URI = /products/2
       Parameters = {}
          Headers = {}
             Body = null
    Session Attrs = {}

Handler:
             Type = com.hackerrank.eshopping.product.dashboard.controller.ProductsController
           Method = public org.springframework.http.ResponseEntity<java.lang.String> com.hackerrank.eshopping.product.dashboard.controller.ProductsController.getProductById(java.lang.Long)

Async:
    Async started = false
     Async result = null

Resolved Exception:
             Type = null

ModelAndView:
        View name = null
             View = null
            Model = null

FlashMap:
       Attributes = null

MockHttpServletResponse:
           Status = 200
    Error message = null
          Headers = {Content-Type=[application/json;charset=UTF-8]}
     Content type = application/json;charset=UTF-8
             Body = {"id":2,"name":"Shoes","category":"Footwear","retail_price":150.0,"discounted_price":123.0,"discount_percent":18,"availability":false}
    Forwarded URL = null
   Redirected URL = null
          Cookies = []

MockHttpServletRequest:
      HTTP Method = GET
      Request URI = /products/25
       Parameters = {}
          Headers = {}
             Body = null
    Session Attrs = {}

Handler:
             Type = com.hackerrank.eshopping.product.dashboard.controller.ProductsController
           Method = public org.springframework.http.ResponseEntity<java.lang.String> com.hackerrank.eshopping.product.dashboard.controller.ProductsController.getProductById(java.lang.Long)

Async:
    Async started = false
     Async result = null

Resolved Exception:
             Type = null

ModelAndView:
        View name = null
             View = null
            Model = null

FlashMap:
       Attributes = null

MockHttpServletResponse:
           Status = 404
    Error message = null
          Headers = {}
     Content type = null
             Body = 
    Forwarded URL = null
   Redirected URL = null
          Cookies = []

MockHttpServletRequest:
      HTTP Method = GET
      Request URI = /products
       Parameters = {category=[Accessories]}
          Headers = {}
[...]
           Status = 200
    Error message = null
          Headers = {}
     Content type = null
             Body = 
    Forwarded URL = null
   Redirected URL = null
          Cookies = []

MockHttpServletRequest:
      HTTP Method = PUT
      Request URI = /products/2
       Parameters = {}
          Headers = {Content-Type=[application/json;charset=UTF-8]}
             Body = {"retail_price": 150.0, "discounted_price": 123.0, "availability": false}
    Session Attrs = {}

Handler:
             Type = com.hackerrank.eshopping.product.dashboard.controller.ProductsController
           Method = public org.springframework.http.ResponseEntity<java.lang.String> com.hackerrank.eshopping.product.dashboard.controller.ProductsController.updateProduct(java.lang.Long,com.hackerrank.eshopping.product.dashboard.model.UpdateData)

Async:
    Async started = false
     Async result = null

Resolved Exception:
             Type = null

ModelAndView:
        View name = null
             View = null
            Model = null

FlashMap:
       Attributes = null

MockHttpServletResponse:
           Status = 200
    Error message = null
          Headers = {}
     Content type = null
             Body = 
    Forwarded URL = null
   Redirected URL = null
          Cookies = []

MockHttpServletRequest:
      HTTP Method = PUT
      Request URI = /products/12
       Parameters = {}
          Headers = {Content-Type=[application/json;charset=UTF-8]}
             Body = {"retail_price": 350.0, "discounted_price": 283.5, "availability": true}
    Session Attrs = {}

Handler:
             Type = com.hackerrank.eshopping.product.dashboard.controller.ProductsController
           Method = public org.springframework.http.ResponseEntity<java.lang.String> com.hackerrank.eshopping.product.dashboard.controller.ProductsController.updateProduct(java.lang.Long,com.hackerrank.eshopping.product.dashboard.model.UpdateData)

Async:
    Async started = false
     Async result = null

Resolved Exception:
             Type = null

ModelAndView:
        View name = null
             View = null
            Model = null

FlashMap:
       Attributes = null

MockHttpServletResponse:
           Status = 200
    Error message = null
          Headers = {}
     Content type = null
             Body = 
    Forwarded URL = null
   Redirected URL = null
          Cookies = []

MockHttpServletRequest:
      HTTP Method = PUT
      Request URI = /products/19
       Parameters = {}
          Headers = {Content-Type=[application/json;charset=UTF-8]}
             Body = {"retail_price": 125.0, "discounted_price": 100.0, "availability": false}
    Session Attrs = {}

Handler:
             Type = com.hackerrank.eshopping.product.dashboard.controller.ProductsController
           Method = public org.springframework.http.ResponseEntity<java.lang.String> com.hackerrank.eshopping.product.dashboard.controller.ProductsController.updateProduct(java.lang.Long,com.hackerrank.eshopping.product.dashboard.model.UpdateData)

Async:
    Async started = false
     Async result = null

Resolved Exception:
             Type = null

ModelAndView:
        View name = null
             View = null
            Model = null

FlashMap:
       Attributes = null

MockHttpServletResponse:
           Status = 200
    Error message = null
          Headers = {}
     Content type = null
             Body = 
    Forwarded URL = null
   Redirected URL = null
          Cookies = []

MockHttpServletRequest:
      HTTP Method = PUT
      Request URI = /products/20
       Parameters = {}
          Headers = {Content-Type=[application/json;charset=UTF-8]}
             Body = {"retail_price": 250.0, "discounted_price": 200.0, "availability": false}
    Session Attrs = {}

Handler:
             Type = com.hackerrank.eshopping.product.dashboard.controller.ProductsController
           Method = public org.springframework.http.ResponseEntity<java.lang.String> com.hackerrank.eshopping.product.dashboard.controller.ProductsController.updateProduct(java.lang.Long,com.hackerrank.eshopping.product.dashboard.model.UpdateData)

Async:
    Async started = false
     Async result = null

Resolved Exception:
             Type = null

ModelAndView:
        View name = null
             View = null
            Model = null

FlashMap:
       Attributes = null

MockHttpServletResponse:
           Status = 200
    Error message = null
          Headers = {}
     Content type = null
             Body = 
    Forwarded URL = null
   Redirected URL = null
          Cookies = []

MockHttpServletRequest:
      HTTP Method = PUT
      Request URI = /products/13
       Parameters = {}
          Headers = {Content-Type=[application/json;charset=UTF-8]}
             Body = {"retail_price": 500.0, "discounted_price": 450.0, "availability": false}
    Session Attrs = {}

Handler:
             Type = com.hackerrank.eshopping.product.dashboard.controller.ProductsController
           Method = public org.springframework.http.ResponseEntity<java.lang.String> com.hackerrank.eshopping.product.dashboard.controller.ProductsController.updateProduct(java.lang.Long,com.hackerrank.eshopping.product.dashboard.model.UpdateData)

Async:
    Async started = false
     Async result = null

Resolved Exception:
             Type = null

ModelAndView:
        View name = null
             View = null
            Model = null

FlashMap:
       Attributes = null

MockHttpServletResponse:
           Status = 200
    Error message = null
          Headers = {}
     Content type = null
             Body = 
    Forwarded URL = null
   Redirected URL = null
          Cookies = []

MockHttpServletRequest:
      HTTP Method = PUT
      Request URI = /products/25
       Parameters = {}
          Headers = {Content-Type=[application/json;charset=UTF-8]}
             Body = {"retail_price": 311.0, "discounted_price": 258.13, "availability": true}
    Session Attrs = {}

Handler:
             Type = com.hackerrank.eshopping.product.dashboard.controller.ProductsController
           Method = public org.springframework.http.ResponseEntity<java.lang.String> com.hackerrank.eshopping.product.dashboard.controller.ProductsController.updateProduct(java.lang.Long,com.hackerrank.eshopping.product.dashboard.model.UpdateData)

Async:
    Async started = false
     Async result = null

Resolved Exception:
             Type = null

ModelAndView:
        View name = null
             View = null
            Model = null

FlashMap:
       Attributes = null

MockHttpServletResponse:
           Status = 400
    Error message = null
          Headers = {}
     Content type = null
             Body = 
    Forwarded URL = null
   Redirected URL = null
          Cookies = []

MockHttpServletRequest:
      HTTP Method = GET
      Request URI = /products/2
       Parameters = {}
          Headers = {}
             Body = null
    Session Attrs = {}

Handler:
             Type = com.hackerrank.eshopping.product.dashboard.controller.ProductsController
           Method = public org.springframework.http.ResponseEntity<java.lang.String> com.hackerrank.eshopping.product.dashboard.controller.ProductsController.getProductById(java.lang.Long)

Async:
    Async started = false
     Async result = null

Resolved Exception:
             Type = null

ModelAndView:
        View name = null
             View = null
            Model = null

FlashMap:
       Attributes = null

MockHttpServletResponse:
           Status = 200
    Error message = null
          Headers = {Content-Type=[application/json;charset=UTF-8]}
     Content type = application/json;charset=UTF-8
             Body = {"id":2,"name":"Shoes","category":"Footwear","retail_price":150.0,"discounted_price":123.0,"discount_percent":18,"availability":false}
    Forwarded URL = null
   Redirected URL = null
          Cookies = []

MockHttpServletRequest:
      HTTP Method = GET
      Request URI = /products/25
       Parameters = {}
          Headers = {}
             Body = null
    Session Attrs = {}

Handler:
             Type = com.hackerrank.eshopping.product.dashboard.controller.ProductsController
           Method = public org.springframework.http.ResponseEntity<java.lang.String> com.hackerrank.eshopping.product.dashboard.controller.ProductsController.getProductById(java.lang.Long)

Async:
    Async started = false
     Async result = null

Resolved Exception:
             Type = null

ModelAndView:
        View name = null
             View = null
            Model = null

FlashMap:
       Attributes = null

MockHttpServletResponse:
           Status = 404
    Error message = null
          Headers = {}
     Content type = null
             Body = 
    Forwarded URL = null
   Redirected URL = null
          Cookies = []

MockHttpServletRequest:
      HTTP Method = GET
      Request URI = /products
       Parameters = {category=[Accessories]}
          Headers = {}
             Body = null
    Session Attrs = {}

Handler:
             Type = com.hackerrank.eshopping.product.dashboard.controller.ProductsController
           Method = public org.springframework.http.ResponseEntity<java.util.List<com.hackerrank.eshopping.product.dashboard.model.Product>> com.hackerrank.eshopping.product.dashboard.controller.ProductsController.getProductsByCategory(java.lang.String)

Async:
    Async started = false
     Async result = null

Resolved Exception:
             Type = null

ModelAndView:
        View name = null
             View = null
            Model = null

FlashMap:
       Attributes = null

MockHttpServletResponse:
           Status = 200
    Error message = null
          Headers = {Content-Type=[application/json;charset=UTF-8]}
     Content type = application/json;charset=UTF-8
             Body = [{"id":8,"name":"Kaftan","category":"Accessories","retail_price":237.0,"discounted_price":215.67,"discount_percent":100,"availability":true},{"id":10,"name":"Cufflinks","category":"Accessories","retail_price":284.0,"discounted_price":227.2,"discount_percent":20,"availability":true},{"id":6,"name":"Shawl","category":"Accessories","retail_price":325.45,"discounted_price":260.36,"discount_percent":7,"availability":true},{"id":12,"name":"Poncho","category":"Accessories","retail_price":350.0,"discounted_price":283.5,"discount_percent":19,"availability":true},{"id":7,"name":"Belt","category":"Accessories","retail_price":471.0,"discounted_price":419.19,"discount_percent":100,"availability":true},{"id":13,"name":"Cummerbund","category":"Accessories","retail_price":500.0,"discounted_price":450.0,"discount_percent":8,"availability":false}]
    Forwarded URL = null
   Redirected URL = null
          Cookies = []

MockHttpServletRequest:
      HTTP Method = GET
      Request URI = /products
       Parameters = {category=[Swimwear]}
          Headers = {}
             Body = null
    Session Attrs = {}

Handler:
             Type = com.hackerrank.eshopping.product.dashboard.controller.ProductsController
           Method = public org.springframework.http.ResponseEntity<java.util.List<com.hackerrank.eshopping.product.dashboard.model.Product>> com.hackerrank.eshopping.product.dashboard.controller.ProductsController.getProductsByCategory(java.lang.String)

Async:
    Async started = false
     Async result = null

Resolved Exception:
             Type = null

ModelAndView:
        View name = null
             View = null
            Model = null

FlashMap:
       Attributes = null

MockHttpServletResponse:
           Status = 200
    Error message = null
          Headers = {Content-Type=[application/json;charset=UTF-8]}
     Content type = application/json;charset=UTF-8
             Body = []
    Forwarded URL = null
   Redirected URL = null
          Cookies = []

MockHttpServletRequest:
      HTTP Method = GET
      Request URI = /products
       Parameters = {category=[Full Body Outfits], availability=[1]}
          Headers = {}
             Body = null
    Session Attrs = {}

Handler:
             Type = com.hackerrank.eshopping.product.dashboard.controller.ProductsController
           Method = public org.springframework.http.ResponseEntity<java.util.List<com.hackerrank.eshopping.product.dashboard.model.Product>> com.hackerrank.eshopping.product.dashboard.controller.ProductsController.getproductByCatAndAvail(java.lang.String,boolean)

Async:
    Async started = false
     Async result = null

Resolved Exception:
             Type = null

ModelAndView:
        View name = null
             View = null
            Model = null

FlashMap:
       Attributes = null

MockHttpServletResponse:
           Status = 200
    Error message = null
          Headers = {Content-Type=[application/json;charset=UTF-8]}
     Content type = application/json;charset=UTF-8
             Body = [{"id":14,"name":"Dress","category":"Full Body Outfits","retail_price":175.0,"discounted_price":140.0,"discount_percent":100,"availability":true},{"id":1,"name":"Dressing Gown","category":"Full Body Outfits","retail_price":303.0,"discounted_price":251.49,"discount_percent":100,"availability":true},{"id":3,"name":"Nightgown","category":"Full Body Outfits","retail_price":307.0,"discounted_price":254.81,"discount_percent":100,"availability":true},{"id":17,"name":"Tailcoat","category":"Full Body Outfits","retail_price":307.0,"discounted_price":254.81,"discount_percent":100,"availability":true},{"id":5,"name":"Ball Gown","category":"Full Body Outfits","retail_price":337.0,"discounted_price":272.97,"discount_percent":100,"availability":true},{"id":9,"name":"Overalls","category":"Full Body Outfits","retail_price":374.0,"discounted_price":321.64,"discount_percent":100,"availability":true},{"id":19,"name":"Suit","category":"Full Body Outfits","retail_price":125.0,"discounted_price":100.0,"discount_percent":36,"availability":false},{"id":20,"name":"Catsuit","category":"Full Body Outfits","retail_price":250.0,"discounted_price":200.0,"discount_percent":14,"availability":false},{"id":21,"name":"Dungarees","category":"Full Body Outfits","retail_price":437.0,"discounted_price":362.71,"discount_percent":100,"availability":false},{"id":16,"name":"Tracksuit","category":"Full Body Outfits","retail_price":471.0,"discounted_price":423.9,"discount_percent":100,"availability":false}]
    Forwarded URL = null
   Redirected URL = null
          Cookies = []

MockHttpServletRequest:
      HTTP Method = GET
      Request URI = /products
       Parameters = {category=[Swimwear], availability=[1]}
          Headers = {}
             Body = null
    Session Attrs = {}

Handler:
             Type = com.hackerrank.eshopping.product.dashboard.controller.ProductsController
           Method = public org.springframework.http.ResponseEntity<java.util.List<com.hackerrank.eshopping.product.dashboard.model.Product>> com.hackerrank.eshopping.product.dashboard.controller.ProductsController.getproductByCatAndAvail(java.lang.String,boolean)

Async:
    Async started = false
     Async result = null

Resolved Exception:
             Type = null

ModelAndView:
        View name = null
             View = null
            Model = null

FlashMap:
       Attributes = null

MockHttpServletResponse:
           Status = 200
    Error message = null
          Headers = {Content-Type=[application/json;charset=UTF-8]}
     Content type = application/json;charset=UTF-8
             Body = []
    Forwarded URL = null
   Redirected URL = null
          Cookies = []

MockHttpServletRequest:
      HTTP Method = GET
      Request URI = /products
       Parameters = {}
          Headers = {}
             Body = null
    Session Attrs = {}

Handler:
             Type = com.hackerrank.eshopping.product.dashboard.controller.ProductsController
           Method = public org.springframework.http.ResponseEntity<java.util.List<com.hackerrank.eshopping.product.dashboard.model.Product>> com.hackerrank.eshopping.product.dashboard.controller.ProductsController.getProducts()

Async:
    Async started = false
     Async result = null

Resolved Exception:
             Type = null

ModelAndView:
        View name = null
             View = null
            Model = null

FlashMap:
       Attributes = null

MockHttpServletResponse:
           Status = 200
    Error message = null
          Headers = {Content-Type=[application/json;charset=UTF-8]}
     Content type = application/json;charset=UTF-8
             Body = [{"id":1,"name":"Dressing Gown","category":"Full Body Outfits","retail_price":303.0,"discounted_price":251.49,"discount_percent":100,"availability":true},{"id":2,"name":"Shoes","category":"Footwear","retail_price":150.0,"discounted_price":123.0,"discount_percent":18,"availability":false},{"id":3,"name":"Nightgown","category":"Full Body Outfits","retail_price":307.0,"discounted_price":254.81,"discount_percent":100,"availability":true},{"id":4,"name":"Boots","category":"Footwear","retail_price":162.0,"discounted_price":132.84,"discount_percent":100,"availability":true},{"id":5,"name":"Ball Gown","category":"Full Body Outfits","retail_price":337.0,"discounted_price":272.97,"discount_percent":100,"availability":true},{"id":6,"name":"Shawl","category":"Accessories","retail_price":325.45,"discounted_price":260.36,"discount_percent":7,"availability":true},{"id":7,"name":"Belt","category":"Accessories","retail_price":471.0,"discounted_price":419.19,"discount_percent":100,"availability":true},{"id":8,"name":"Kaftan","category":"Accessories","retail_price":237.0,"discounted_price":215.67,"discount_percent":100,"availability":true},{"id":9,"name":"Overalls","category":"Full Body Outfits","retail_price":374.0,"discounted_price":321.64,"discount_percent":100,"availability":true},{"id":10,"name":"Cufflinks","category":"Accessories","retail_price":284.0,"discounted_price":227.2,"discount_percent":20,"availability":true},{"id":11,"name":"Cargos","category":"Bottoms","retail_price":498.0,"discounted_price":428.28,"discount_percent":100,"availability":true},{"id":12,"name":"Poncho","category":"Accessories","retail_price":350.0,"discounted_price":283.5,"discount_percent":19,"availability":true},{"id":13,"name":"Cummerbund","category":"Accessories","retail_price":500.0,"discounted_price":450.0,"discount_percent":8,"availability":false},{"id":14,"name":"Dress","category":"Full Body Outfits","retail_price":175.0,"discounted_price":140.0,"discount_percent":100,"availability":true},{"id":15,"name":"Trainers","category":"Footwear","retail_price":228.0,"discounted_price":184.68,"discount_percent":100,"availability":true},{"id":16,"name":"Tracksuit","category":"Full Body Outfits","retail_price":471.0,"discounted_price":423.9,"discount_percent":100,"availability":false},{"id":17,"name":"Tailcoat","category":"Full Body Outfits","retail_price":307.0,"discounted_price":254.81,"discount_percent":100,"availability":true},{"id":18,"name":"Vest","category":"Tops","retail_price":446.0,"discounted_price":392.48,"discount_percent":100,"availability":true},{"id":19,"name":"Suit","category":"Full Body Outfits","retail_price":125.0,"discounted_price":100.0,"discount_percent":36,"availability":false},{"id":20,"name":"Catsuit","category":"Full Body Outfits","retail_price":250.0,"discounted_price":200.0,"discount_percent":14,"availability":false},{"id":21,"name":"Dungarees","category":"Full Body Outfits","retail_price":437.0,"discounted_price":362.71,"discount_percent":100,"availability":false}]
    Forwarded URL = null
   Redirected URL = null
          Cookies = []
]]></system-out>
  </testcase>
</testsuite>